specinvoke r4356
 Invoked as: /scratch/wayedt/spec2017_root/bin/specinvoke -d /scratch/wayedt/spec2017_root/benchspec/CPU/602.gcc_s/run/run_peak_refspeed_collect-build-flags-m64.0000 -f speccmds.cmd -q -e speccmds.err -o speccmds.stdout
timer ticks over every 1000 ns
 Environment in effect for these runs:
 # 1: SLURM_JOB_GID=100358403
 # 2: SLURM_JOB_ID=434742
 # 3: PERL_LOCAL_LIB_ROOT=/users/wayedt/perl5
 # 4: SLURMD_NODENAME=n235
 # 5: SLURM_NTASKS=1
 # 6: SLURM_SUBMIT_HOST=login1.ittc.ku.edu
 # 7: QTDIR=/usr/lib64/qt-3.3
 # 8: SLURM_JOB_QOS=normal
 # 9: LMOD_COLORIZE=yes
 #10: SLURM_WORKING_CLUSTER=slurm:10.123.128.4:6817:8704:101
 #11: SRUN_DEBUG=3
 #12: SSH_ASKPASS=/usr/libexec/openssh/lxqt-openssh-askpass
 #13: SSH_TTY=/dev/pts/7
 #14: SLURM_STEP_NUM_TASKS=1
 #15: SLURM_TASK_PID=48768
 #16: TMPDIR=/tmp
 #17: QTINC=/usr/lib64/qt-3.3/include
 #18: MANPATH=/share/man:/usr/share/lmod/lmod/share/man::
 #19: SPECDB_PWD=/scratch/wayedt/spec2017_root
 #20: SLURM_TOPOLOGY_ADDR_PATTERN=node
 #21: MODULEPATH_ROOT=/nfs/apps/7/arch/generic/modules/all
 #22: SLURM_PRIO_PROCESS=0
 #23: QT_GRAPHICSSYSTEM_CHECKED=1
 #24: SLURM_SRUN_COMM_PORT=34013
 #25: SLURM_NNODES=1
 #26: LMOD_arch=x86_64
 #27: HOMEBREW_TEMP=/var/tmp
 #28: XDG_RUNTIME_DIR=/run/user/100358403
 #29: SLURM_STEPID=0
 #30: SLURM_JOB_ACCOUNT=ittc
 #31: LESSOPEN=||/usr/bin/lesspipe.sh %s
 #32: SLURM_JOB_NAME=zsh
 #33: LMOD_PREPEND_BLOCK=normal
 #34: SLURM_JOB_UID=100358403
 #35: SPEC=/scratch/wayedt/spec2017_root
 #36: SELINUX_USE_CURRENT_RANGE=
 #37: SLURM_JOB_NODELIST=n235
 #38: PERL_MM_OPT=INSTALL_BASE=/users/wayedt/perl5
 #39: SLURM_CLUSTER_NAME=slurm
 #40: TERM=screen-256color
 #41: LMOD_VERSION=6.3.4
 #42: BASH_FUNC_module()=() {  eval $($LMOD_CMD bash "$@");
 [ $? = 0 ] && eval $(${LMOD_SETTARG_CMD:-:} -s sh)
}
 #43: LMOD_sys=Linux
 #44: MODULESHOME=/usr/share/lmod/lmod
 #45: XDG_SESSION_ID=12201
 #46: SLURM_JOB_PARTITION=intel
 #47: SLURM_UMASK=0022
 #48: SLURM_CPUS_ON_NODE=16
 #49: SLURM_PTY_WIN_COL=120
 #50: SHLVL=2
 #51: PERL_MB_OPT=--install_base "/users/wayedt/perl5"
 #52: PKG_CONFIG_PATH=/lib/pkgconfig:
 #53: LOGNAME=wayedt
 #54: SLURM_PTY_WIN_ROW=49
 #55: SSH_CLIENT=129.237.125.104 44136 22
 #56: LMOD_CMD=/usr/share/lmod/lmod/libexec/lmod
 #57: SELINUX_ROLE_REQUESTED=
 #58: SLURM_NODELIST=n235
 #59: HOME=/users/wayedt
 #60: SLURM_STEP_ID=0
 #61: SLURM_STEP_NODELIST=n235
 #62: LMOD_SETTARG_CMD=:
 #63: LIBC_FATAL_STDERR_=1
 #64: BASH_ENV=/usr/share/lmod/lmod/init/bash
 #65: LANG=en_US.UTF-8
 #66: LMOD_FULL_SETTARG_SUPPORT=no
 #67: SLURM_JOBID=434742
 #68: SLURM_JOB_USER=wayedt
 #69: PERL5LIB=/users/wayedt/perl5/lib/perl5
 #70: SLURM_SRUN_COMM_HOST=10.123.128.11
 #71: SLURM_STEP_LAUNCHER_PORT=34013
 #72: BASH_FUNC_ml()=() {  eval $($LMOD_DIR/ml_cmd "$@")
}
 #73: USER=wayedt
 #74: SLURM_LOCALID=0
 #75: SLURM_TOPOLOGY_ADDR=n235
 #76: PATH=/scratch/wayedt/spec2017_root/bin:/users/wayedt/.cargo/bin:/nfs/users/wayedt/.linuxbrew/bin:/users/wayedt/perl5/bin:/usr/lib64/qt-3.3/bin:/usr/local/bin:/usr/bin
 #77: SLURM_GTIDS=0
 #78: SLURM_NODEID=0
 #79: SELINUX_LEVEL_REQUESTED=
 #80: MAIL=/var/mail/wayedt
 #81: SLURM_NPROCS=1
 #82: INFOPATH=/share/info:
 #83: SSH_CONNECTION=129.237.125.104 44136 129.237.125.121 22
 #84: SLURM_JOB_NUM_NODES=1
 #85: SLURM_PROCID=0
 #86: PWD=/scratch/wayedt/spec2017_root
 #87: SLURM_STEP_TASKS_PER_NODE=1
 #88: SHELL=/bin/bash
 #89: QTLIB=/usr/lib64/qt-3.3/lib
 #90: SLURM_LAUNCH_NODE_IPADDR=10.123.128.11
 #91: SLURM_SUBMIT_DIR=/nfs/users/wayedt
 #92: SLURM_STEP_NUM_NODES=1
 #93: SLURM_TASKS_PER_NODE=1
 #94: SLURM_PTY_PORT=44035
 #95: LD_LIBRARY_PATH=/volatile/zephyr/wayedt/linuxbrew_updated/opt/gcc@8/lib64/:/volatile/zephyr/wayedt/linuxbrew_updated/opt/gcc@8/lib/:/lib64
 #96: LMOD_PKG=/usr/share/lmod/lmod
 #97: SLURM_JOB_CPUS_PER_NODE=16
 #98: MODULEPATH=/nfs/apps/7/arch/generic/modules/all
 #99: LMOD_DIR=/usr/share/lmod/lmod/libexec
 #100: EDITOR=vim
 #101: OMP_NUM_THREADS=4
running commands in speccmds.cmd 1 times
runs started at		1624500574, 170322000, Wed Jun 23 21:09:34 2021
run 1 started at	1624500574, 170382000, Wed Jun 23 21:09:34 2021
child started: 0,	1624500574, 170401000, pid=16010, '../run_peak_refspeed_collect-build-flags-m64.0000/sgcc_peak.collect-build-flags-m64 gcc-pp.c -O5 -fipa-pta -o gcc-pp.opts-O5_-fipa-pta.s > gcc-pp.opts-O5_-fipa-pta.out 2>> gcc-pp.opts-O5_-fipa-pta.err'
child finished: 0,	1624500983, 834089000, sec=409, nsec=663688000, pid=16010, rc=0
child started: 0,	1624500983, 834153000, pid=16093, '../run_peak_refspeed_collect-build-flags-m64.0000/sgcc_peak.collect-build-flags-m64 gcc-pp.c -O5 -finline-limit=1000 -fselective-scheduling -fselective-scheduling2 -o gcc-pp.opts-O5_-finline-limit_1000_-fselective-scheduling_-fselective-scheduling2.s > gcc-pp.opts-O5_-finline-limit_1000_-fselective-scheduling_-fselective-scheduling2.out 2>> gcc-pp.opts-O5_-finline-limit_1000_-fselective-scheduling_-fselective-scheduling2.err'
child finished: 0,	1624501151, 253593000, sec=167, nsec=419440000, pid=16093, rc=0
child started: 0,	1624501151, 253647000, pid=16128, '../run_peak_refspeed_collect-build-flags-m64.0000/sgcc_peak.collect-build-flags-m64 gcc-pp.c -O5 -finline-limit=24000 -fgcse -fgcse-las -fgcse-lm -fgcse-sm -o gcc-pp.opts-O5_-finline-limit_24000_-fgcse_-fgcse-las_-fgcse-lm_-fgcse-sm.s > gcc-pp.opts-O5_-finline-limit_24000_-fgcse_-fgcse-las_-fgcse-lm_-fgcse-sm.out 2>> gcc-pp.opts-O5_-finline-limit_24000_-fgcse_-fgcse-las_-fgcse-lm_-fgcse-sm.err'
child finished: 0,	1624501307, 286683000, sec=156, nsec=33036000, pid=16128, rc=0
run 1 finished at:	1624501307, 286733000, Wed Jun 23 21:21:47 2021
run 1 elapsed time:	       733, 116351000, 733.116351000
runs finished at	1624501307, 286775000, Wed Jun 23 21:21:47 2021
runs elapsed time:	       733, 116453000, 733.116453000
specinvoke exit: rc=0
