/usr/bin/g++     -std=c++03 -m64 -c -o FullBoard.o -DSPEC -DNDEBUG -I.  -g       -fopenmp -DSPEC_OPENMP  -DSPEC_LP64  FullBoard.cpp
/usr/bin/g++     -std=c++03 -m64 -c -o KoState.o -DSPEC -DNDEBUG -I.  -g       -fopenmp -DSPEC_OPENMP  -DSPEC_LP64  KoState.cpp
/usr/bin/g++     -std=c++03 -m64 -c -o Playout.o -DSPEC -DNDEBUG -I.  -g       -fopenmp -DSPEC_OPENMP  -DSPEC_LP64  Playout.cpp
/usr/bin/g++     -std=c++03 -m64 -c -o TimeControl.o -DSPEC -DNDEBUG -I.  -g       -fopenmp -DSPEC_OPENMP  -DSPEC_LP64  TimeControl.cpp
/usr/bin/g++     -std=c++03 -m64 -c -o UCTSearch.o -DSPEC -DNDEBUG -I.  -g       -fopenmp -DSPEC_OPENMP  -DSPEC_LP64  UCTSearch.cpp
/usr/bin/g++     -std=c++03 -m64 -c -o GameState.o -DSPEC -DNDEBUG -I.  -g       -fopenmp -DSPEC_OPENMP  -DSPEC_LP64  GameState.cpp
/usr/bin/g++     -std=c++03 -m64 -c -o Leela.o -DSPEC -DNDEBUG -I.  -g       -fopenmp -DSPEC_OPENMP  -DSPEC_LP64  Leela.cpp
/usr/bin/g++     -std=c++03 -m64 -c -o SGFParser.o -DSPEC -DNDEBUG -I.  -g       -fopenmp -DSPEC_OPENMP  -DSPEC_LP64  SGFParser.cpp
/usr/bin/g++     -std=c++03 -m64 -c -o Timing.o -DSPEC -DNDEBUG -I.  -g       -fopenmp -DSPEC_OPENMP  -DSPEC_LP64  Timing.cpp
/usr/bin/g++     -std=c++03 -m64 -c -o Utils.o -DSPEC -DNDEBUG -I.  -g       -fopenmp -DSPEC_OPENMP  -DSPEC_LP64  Utils.cpp
/usr/bin/g++     -std=c++03 -m64 -c -o FastBoard.o -DSPEC -DNDEBUG -I.  -g       -fopenmp -DSPEC_OPENMP  -DSPEC_LP64  FastBoard.cpp
/usr/bin/g++     -std=c++03 -m64 -c -o Matcher.o -DSPEC -DNDEBUG -I.  -g       -fopenmp -DSPEC_OPENMP  -DSPEC_LP64  Matcher.cpp
/usr/bin/g++     -std=c++03 -m64 -c -o SGFTree.o -DSPEC -DNDEBUG -I.  -g       -fopenmp -DSPEC_OPENMP  -DSPEC_LP64  SGFTree.cpp
/usr/bin/g++     -std=c++03 -m64 -c -o TTable.o -DSPEC -DNDEBUG -I.  -g       -fopenmp -DSPEC_OPENMP  -DSPEC_LP64  TTable.cpp
/usr/bin/g++     -std=c++03 -m64 -c -o Zobrist.o -DSPEC -DNDEBUG -I.  -g       -fopenmp -DSPEC_OPENMP  -DSPEC_LP64  Zobrist.cpp
/usr/bin/g++     -std=c++03 -m64 -c -o FastState.o -DSPEC -DNDEBUG -I.  -g       -fopenmp -DSPEC_OPENMP  -DSPEC_LP64  FastState.cpp
/usr/bin/g++     -std=c++03 -m64 -c -o GTP.o -DSPEC -DNDEBUG -I.  -g       -fopenmp -DSPEC_OPENMP  -DSPEC_LP64  GTP.cpp
/usr/bin/g++     -std=c++03 -m64 -c -o MCOTable.o -DSPEC -DNDEBUG -I.  -g       -fopenmp -DSPEC_OPENMP  -DSPEC_LP64  MCOTable.cpp
/usr/bin/g++     -std=c++03 -m64 -c -o Random.o -DSPEC -DNDEBUG -I.  -g       -fopenmp -DSPEC_OPENMP  -DSPEC_LP64  Random.cpp
/usr/bin/g++     -std=c++03 -m64 -c -o SMP.o -DSPEC -DNDEBUG -I.  -g       -fopenmp -DSPEC_OPENMP  -DSPEC_LP64  SMP.cpp
/usr/bin/g++     -std=c++03 -m64 -c -o UCTNode.o -DSPEC -DNDEBUG -I.  -g       -fopenmp -DSPEC_OPENMP  -DSPEC_LP64  UCTNode.cpp
/usr/bin/g++     -std=c++03 -m64      -g        -fopenmp -DSPEC_OPENMP  FullBoard.o KoState.o Playout.o TimeControl.o UCTSearch.o GameState.o Leela.o SGFParser.o Timing.o Utils.o FastBoard.o Matcher.o SGFTree.o TTable.o Zobrist.o FastState.o GTP.o MCOTable.o Random.o SMP.o UCTNode.o                      -o leela_s  
