
COMP: "/volatile/zephyr/wayedt/linuxbrew_updated/opt/gcc@8/bin/g++-8     -std=c++03 -m64 -c -o options.o -DSPEC -DNDEBUG  -DAPP_NO_THREADS -DXALAN_INMEM_MSG_LOADER -I. -Ixercesc -Ixercesc/dom -Ixercesc/dom/impl -Ixercesc/sax -Ixercesc/util/MsgLoaders/InMemory -Ixercesc/util/Transcoders/Iconv -Ixalanc/include -DPROJ_XMLPARSER -DPROJ_XMLUTIL -DPROJ_PARSERS -DPROJ_SAX4C -DPROJ_SAX2 -DPROJ_DOM -DPROJ_VALIDATORS -DXML_USE_INMEM_MESSAGELOADER -O3 -march=native -fno-unsafe-math-optimizations  -fno-tree-loop-vectorize    -DSPEC_LINUX   -fopenmp -DSPEC_OPENMP  -DSPEC_LP64  <source>"
C: CXXC="/volatile/zephyr/wayedt/linuxbrew_updated/opt/gcc@8/bin/g++-8     -std=c++03 -m64"
C: CXXOBJOPT="-c -o options"
P: CPUFLAGS="-DSPEC -DNDEBUG"
P: BENCH_FLAGS=""
P: BENCH_CXXFLAGS="-DAPP_NO_THREADS -DXALAN_INMEM_MSG_LOADER -I. -Ixercesc -Ixercesc/dom -Ixercesc/dom/impl -Ixercesc/sax -Ixercesc/util/MsgLoaders/InMemory -Ixercesc/util/Transcoders/Iconv -Ixalanc/include -DPROJ_XMLPARSER -DPROJ_XMLUTIL -DPROJ_PARSERS -DPROJ_SAX4C -DPROJ_SAX2 -DPROJ_DOM -DPROJ_VALIDATORS -DXML_USE_INMEM_MESSAGELOADER"
O: OPTIMIZE="-O3 -march=native -fno-unsafe-math-optimizations  -fno-tree-loop-vectorize"
O: CXXOPTIMIZE=""
P: PORTABILITY="-DSPEC_LINUX"
P: CXXPORTABILITY=""
O: EXTRA_CXXFLAGS=""
O: EXTRA_OPTIMIZE="-fopenmp -DSPEC_OPENMP"
O: EXTRA_CXXOPTIMIZE=""
P: EXTRA_PORTABILITY="-DSPEC_LP64"
P: EXTRA_CXXPORTABILITY=""
LINK: "/volatile/zephyr/wayedt/linuxbrew_updated/opt/gcc@8/bin/g++-8     -std=c++03 -m64      -O3 -march=native -fno-unsafe-math-optimizations  -fno-tree-loop-vectorize     -DSPEC_LINUX   -fopenmp -DSPEC_OPENMP  <objects>            -o options  "
C: LD="/volatile/zephyr/wayedt/linuxbrew_updated/opt/gcc@8/bin/g++-8     -std=c++03 -m64"
O: OPTIMIZE="-O3 -march=native -fno-unsafe-math-optimizations  -fno-tree-loop-vectorize"
P: PORTABILITY="-DSPEC_LINUX"
O: EXTRA_OPTIMIZE="-fopenmp -DSPEC_OPENMP"
C: LDOUT="-o options"
