
COMP: "/volatile/zephyr/wayedt/linuxbrew_updated/opt/gcc@8/bin/gcc-8     -std=c99   -m64 -c -o options.o -DSPEC -DNDEBUG -I. -I./include -I./spec_qsort -DSPEC_602 -DIN_GCC -DHAVE_CONFIG_H  -O3 -march=native -fno-unsafe-math-optimizations  -fno-tree-loop-vectorize           -fopenmp -DSPEC_OPENMP -fgnu89-inline   -DSPEC_LP64  <source>"
C: CC="/volatile/zephyr/wayedt/linuxbrew_updated/opt/gcc@8/bin/gcc-8     -std=c99   -m64"
C: COBJOPT="-c -o options"
P: CPUFLAGS="-DSPEC -DNDEBUG"
P: BENCH_FLAGS="-I. -I./include -I./spec_qsort -DSPEC_602 -DIN_GCC -DHAVE_CONFIG_H"
P: BENCH_CFLAGS=""
O: OPTIMIZE="-O3 -march=native -fno-unsafe-math-optimizations  -fno-tree-loop-vectorize"
O: COPTIMIZE=""
P: PORTABILITY=""
P: CPORTABILITY=""
O: EXTRA_CFLAGS=""
O: EXTRA_OPTIMIZE="-fopenmp -DSPEC_OPENMP"
O: EXTRA_COPTIMIZE="-fgnu89-inline"
P: EXTRA_PORTABILITY="-DSPEC_LP64"
P: EXTRA_CPORTABILITY=""
LINK: "/volatile/zephyr/wayedt/linuxbrew_updated/opt/gcc@8/bin/gcc-8     -std=c99   -m64      -O3 -march=native -fno-unsafe-math-optimizations  -fno-tree-loop-vectorize        -fopenmp -DSPEC_OPENMP -fgnu89-inline <objects>   -lm         -o options  "
C: LD="/volatile/zephyr/wayedt/linuxbrew_updated/opt/gcc@8/bin/gcc-8     -std=c99   -m64"
O: OPTIMIZE="-O3 -march=native -fno-unsafe-math-optimizations  -fno-tree-loop-vectorize"
O: EXTRA_OPTIMIZE="-fopenmp -DSPEC_OPENMP"
O: EXTRA_COPTIMIZE="-fgnu89-inline"
C: MATH_LIBS="-lm"
C: LDOUT="-o options"
