specinvoke r4356
 Invoked as: /scratch/wayedt/spec2017_root/bin/specinvoke -d /scratch/wayedt/spec2017_root/benchspec/CPU/602.gcc_s/run/run_peak_refspeed_collect-build-flags-m64.0000 -f compare.cmd -E -e compare.err -o compare.stdout
timer ticks over every 1000 ns
 Environment in effect for these runs:
 # 1: SLURM_JOB_QOS=normal
 # 2: LMOD_COLORIZE=yes
 # 3: SLURM_WORKING_CLUSTER=slurm:10.123.128.4:6817:8704:101
 # 4: SLURM_STEP_NUM_TASKS=1
 # 5: SLURM_TASK_PID=48768
 # 6: SSH_ASKPASS=/usr/libexec/openssh/lxqt-openssh-askpass
 # 7: SSH_TTY=/dev/pts/7
 # 8: SRUN_DEBUG=3
 # 9: TMPDIR=/tmp
 #10: SLURM_JOB_GID=100358403
 #11: PERL_LOCAL_LIB_ROOT=/users/wayedt/perl5
 #12: SLURMD_NODENAME=n235
 #13: SLURM_JOB_ID=434742
 #14: SLURM_SUBMIT_HOST=login1.ittc.ku.edu
 #15: SLURM_NTASKS=1
 #16: QTDIR=/usr/lib64/qt-3.3
 #17: QT_GRAPHICSSYSTEM_CHECKED=1
 #18: SLURM_PRIO_PROCESS=0
 #19: SLURM_NNODES=1
 #20: SLURM_SRUN_COMM_PORT=34013
 #21: LMOD_arch=x86_64
 #22: HOMEBREW_TEMP=/var/tmp
 #23: XDG_RUNTIME_DIR=/run/user/100358403
 #24: MANPATH=/share/man:/usr/share/lmod/lmod/share/man::
 #25: QTINC=/usr/lib64/qt-3.3/include
 #26: SPECDB_PWD=/scratch/wayedt/spec2017_root
 #27: SLURM_TOPOLOGY_ADDR_PATTERN=node
 #28: MODULEPATH_ROOT=/nfs/apps/7/arch/generic/modules/all
 #29: SLURM_JOB_NODELIST=n235
 #30: TERM=screen-256color
 #31: PERL_MM_OPT=INSTALL_BASE=/users/wayedt/perl5
 #32: SLURM_CLUSTER_NAME=slurm
 #33: LMOD_sys=Linux
 #34: BASH_FUNC_module()=() {  eval $($LMOD_CMD bash "$@");
 [ $? = 0 ] && eval $(${LMOD_SETTARG_CMD:-:} -s sh)
}
 #35: LMOD_VERSION=6.3.4
 #36: LESSOPEN=||/usr/bin/lesspipe.sh %s
 #37: SLURM_JOB_ACCOUNT=ittc
 #38: SLURM_STEPID=0
 #39: SLURM_JOB_NAME=zsh
 #40: LMOD_PREPEND_BLOCK=normal
 #41: SPEC=/scratch/wayedt/spec2017_root
 #42: SELINUX_USE_CURRENT_RANGE=
 #43: SLURM_JOB_UID=100358403
 #44: PERL_MB_OPT=--install_base "/users/wayedt/perl5"
 #45: PKG_CONFIG_PATH=/lib/pkgconfig:
 #46: SLURM_PTY_WIN_ROW=49
 #47: SSH_CLIENT=129.237.125.104 44136 22
 #48: LMOD_CMD=/usr/share/lmod/lmod/libexec/lmod
 #49: LOGNAME=wayedt
 #50: MODULESHOME=/usr/share/lmod/lmod
 #51: XDG_SESSION_ID=12201
 #52: SLURM_CPUS_ON_NODE=16
 #53: SLURM_JOB_PARTITION=intel
 #54: SLURM_PTY_WIN_COL=120
 #55: SLURM_UMASK=0022
 #56: SHLVL=2
 #57: LMOD_SETTARG_CMD=:
 #58: LANG=en_US.UTF-8
 #59: LIBC_FATAL_STDERR_=1
 #60: BASH_ENV=/usr/share/lmod/lmod/init/bash
 #61: SLURM_STEP_NODELIST=n235
 #62: LMOD_FULL_SETTARG_SUPPORT=no
 #63: HOME=/users/wayedt
 #64: SLURM_NODELIST=n235
 #65: SELINUX_ROLE_REQUESTED=
 #66: SLURM_STEP_ID=0
 #67: SLURM_STEP_LAUNCHER_PORT=34013
 #68: SLURM_TOPOLOGY_ADDR=n235
 #69: PATH=/scratch/wayedt/spec2017_root/bin:/users/wayedt/.cargo/bin:/nfs/users/wayedt/.linuxbrew/bin:/users/wayedt/perl5/bin:/usr/lib64/qt-3.3/bin:/usr/local/bin:/usr/bin
 #70: BASH_FUNC_ml()=() {  eval $($LMOD_DIR/ml_cmd "$@")
}
 #71: SLURM_LOCALID=0
 #72: USER=wayedt
 #73: SLURM_GTIDS=0
 #74: MAIL=/var/mail/wayedt
 #75: SLURM_NODEID=0
 #76: SELINUX_LEVEL_REQUESTED=
 #77: SLURM_JOBID=434742
 #78: SLURM_JOB_USER=wayedt
 #79: PERL5LIB=/users/wayedt/perl5/lib/perl5
 #80: SLURM_SRUN_COMM_HOST=10.123.128.11
 #81: SLURM_PROCID=0
 #82: SLURM_STEP_TASKS_PER_NODE=1
 #83: PWD=/scratch/wayedt/spec2017_root
 #84: SHELL=/bin/bash
 #85: SSH_CONNECTION=129.237.125.104 44136 129.237.125.121 22
 #86: INFOPATH=/share/info:
 #87: SLURM_NPROCS=1
 #88: SLURM_JOB_NUM_NODES=1
 #89: LD_LIBRARY_PATH=/volatile/zephyr/wayedt/linuxbrew_updated/opt/gcc@8/lib64/:/volatile/zephyr/wayedt/linuxbrew_updated/opt/gcc@8/lib/:/lib64
 #90: SLURM_PTY_PORT=44035
 #91: SLURM_TASKS_PER_NODE=1
 #92: SLURM_STEP_NUM_NODES=1
 #93: LMOD_PKG=/usr/share/lmod/lmod
 #94: SLURM_JOB_CPUS_PER_NODE=16
 #95: EDITOR=vim
 #96: LMOD_DIR=/usr/share/lmod/lmod/libexec
 #97: MODULEPATH=/nfs/apps/7/arch/generic/modules/all
 #98: SLURM_LAUNCH_NODE_IPADDR=10.123.128.11
 #99: QTLIB=/usr/lib64/qt-3.3/lib
 #100: SLURM_SUBMIT_DIR=/nfs/users/wayedt
 #101: OMP_NUM_THREADS=4
running commands in compare.cmd 1 times
runs started at		1624501307, 545018000, Wed Jun 23 21:21:47 2021
run 1 started at	1624501307, 545074000, Wed Jun 23 21:21:47 2021
child started: 0,	1624501307, 545089000, pid=16180, '/scratch/wayedt/spec2017_root/bin/specperl /scratch/wayedt/spec2017_root/bin/harness/specdiff -m -l 10 --floatcompare --nonansupport /scratch/wayedt/spec2017_root/benchspec/CPU/502.gcc_r/data/refspeed/output/gcc-pp.opts-O5_-finline-limit_1000_-fselective-scheduling_-fselective-scheduling2.s gcc-pp.opts-O5_-finline-limit_1000_-fselective-scheduling_-fselective-scheduling2.s > gcc-pp.opts-O5_-finline-limit_1000_-fselective-scheduling_-fselective-scheduling2.s.cmp'
child finished: 0,	1624501319, 755061000, sec=12, nsec=209972000, pid=16180, rc=0
child started: 0,	1624501319, 755091000, pid=16183, '/scratch/wayedt/spec2017_root/bin/specperl /scratch/wayedt/spec2017_root/bin/harness/specdiff -m -l 10 --floatcompare --nonansupport /scratch/wayedt/spec2017_root/benchspec/CPU/502.gcc_r/data/refspeed/output/gcc-pp.opts-O5_-finline-limit_24000_-fgcse_-fgcse-las_-fgcse-lm_-fgcse-sm.s gcc-pp.opts-O5_-finline-limit_24000_-fgcse_-fgcse-las_-fgcse-lm_-fgcse-sm.s > gcc-pp.opts-O5_-finline-limit_24000_-fgcse_-fgcse-las_-fgcse-lm_-fgcse-sm.s.cmp'
child finished: 0,	1624501331, 665506000, sec=11, nsec=910415000, pid=16183, rc=0
child started: 0,	1624501331, 665546000, pid=16185, '/scratch/wayedt/spec2017_root/bin/specperl /scratch/wayedt/spec2017_root/bin/harness/specdiff -m -l 10 --floatcompare --nonansupport /scratch/wayedt/spec2017_root/benchspec/CPU/502.gcc_r/data/refspeed/output/gcc-pp.opts-O5_-fipa-pta.s gcc-pp.opts-O5_-fipa-pta.s > gcc-pp.opts-O5_-fipa-pta.s.cmp'
child finished: 0,	1624501343, 780864000, sec=12, nsec=115318000, pid=16185, rc=0
run 1 finished at:	1624501343, 780889000, Wed Jun 23 21:22:23 2021
run 1 elapsed time:	        36, 235815000, 36.235815000
runs finished at	1624501343, 780926000, Wed Jun 23 21:22:23 2021
runs elapsed time:	        36, 235908000, 36.235908000
specinvoke exit: rc=0
