cat "options.tmpout"

COMP: "/usr/bin/gcc     -std=c99   -m64 -c -o options.o -DSPEC -DNDEBUG -Ispecrand -Iregex-alpha -DNDEBUG -DNOPERFLIB -DNOREDUCE  -g           -fopenmp -DSPEC_OPENMP    -DSPEC_LP64  <source>"
C: CC="/usr/bin/gcc     -std=c99   -m64"
C: COBJOPT="-c -o options"
P: CPUFLAGS="-DSPEC -DNDEBUG"
P: BENCH_FLAGS="-Ispecrand -Iregex-alpha -DNDEBUG -DNOPERFLIB -DNOREDUCE"
P: BENCH_CFLAGS=""
O: OPTIMIZE="-g"
O: COPTIMIZE=""
P: PORTABILITY=""
P: CPORTABILITY=""
O: EXTRA_CFLAGS=""
O: EXTRA_OPTIMIZE="-fopenmp -DSPEC_OPENMP"
O: EXTRA_COPTIMIZE=""
P: EXTRA_PORTABILITY="-DSPEC_LP64"
P: EXTRA_CPORTABILITY=""
LINK: "/usr/bin/gcc     -std=c99   -m64      -g        -fopenmp -DSPEC_OPENMP  <objects>   -lm         -o options  "
C: LD="/usr/bin/gcc     -std=c99   -m64"
O: OPTIMIZE="-g"
O: EXTRA_OPTIMIZE="-fopenmp -DSPEC_OPENMP"
C: MATH_LIBS="-lm"
C: LDOUT="-o options"
rm -rf options.tmpout
