specinvoke r4356
 Invoked as: /scratch/wayedt/spec2017_root/bin/specinvoke -d /scratch/wayedt/spec2017_root/benchspec/CPU/623.xalancbmk_s/run/run_peak_refspeed_collect-build-flags-m64.0000 -f compare.cmd -E -e compare.err -o compare.stdout
timer ticks over every 1000 ns
 Environment in effect for these runs:
 # 1: SLURM_PTY_WIN_COL=120
 # 2: SLURM_JOB_PARTITION=intel
 # 3: SLURM_CPUS_ON_NODE=16
 # 4: SLURM_UMASK=0022
 # 5: SHLVL=2
 # 6: XDG_SESSION_ID=12201
 # 7: MODULESHOME=/usr/share/lmod/lmod
 # 8: LOGNAME=wayedt
 # 9: SSH_CLIENT=129.237.125.104 44136 22
 #10: SLURM_PTY_WIN_ROW=49
 #11: LMOD_CMD=/usr/share/lmod/lmod/libexec/lmod
 #12: PERL_MB_OPT=--install_base "/users/wayedt/perl5"
 #13: PKG_CONFIG_PATH=/lib/pkgconfig:
 #14: LMOD_PREPEND_BLOCK=normal
 #15: SLURM_JOB_NAME=zsh
 #16: SLURM_JOB_UID=100358403
 #17: SELINUX_USE_CURRENT_RANGE=
 #18: SPEC=/scratch/wayedt/spec2017_root
 #19: SLURM_JOB_ACCOUNT=ittc
 #20: SLURM_STEPID=0
 #21: LESSOPEN=||/usr/bin/lesspipe.sh %s
 #22: LMOD_VERSION=6.3.4
 #23: LMOD_sys=Linux
 #24: BASH_FUNC_module()=() {  eval $($LMOD_CMD bash "$@");
 [ $? = 0 ] && eval $(${LMOD_SETTARG_CMD:-:} -s sh)
}
 #25: SLURM_JOB_NODELIST=n235
 #26: SLURM_CLUSTER_NAME=slurm
 #27: PERL_MM_OPT=INSTALL_BASE=/users/wayedt/perl5
 #28: TERM=screen-256color
 #29: SLURM_TOPOLOGY_ADDR_PATTERN=node
 #30: MODULEPATH_ROOT=/nfs/apps/7/arch/generic/modules/all
 #31: QTINC=/usr/lib64/qt-3.3/include
 #32: MANPATH=/share/man:/usr/share/lmod/lmod/share/man::
 #33: SPECDB_PWD=/scratch/wayedt/spec2017_root
 #34: SLURM_SRUN_COMM_PORT=34013
 #35: SLURM_NNODES=1
 #36: LMOD_arch=x86_64
 #37: XDG_RUNTIME_DIR=/run/user/100358403
 #38: HOMEBREW_TEMP=/var/tmp
 #39: SLURM_PRIO_PROCESS=0
 #40: QT_GRAPHICSSYSTEM_CHECKED=1
 #41: SLURM_NTASKS=1
 #42: SLURM_SUBMIT_HOST=login1.ittc.ku.edu
 #43: QTDIR=/usr/lib64/qt-3.3
 #44: SLURM_JOB_GID=100358403
 #45: SLURM_JOB_ID=434742
 #46: SLURMD_NODENAME=n235
 #47: PERL_LOCAL_LIB_ROOT=/users/wayedt/perl5
 #48: SRUN_DEBUG=3
 #49: SSH_TTY=/dev/pts/7
 #50: SSH_ASKPASS=/usr/libexec/openssh/lxqt-openssh-askpass
 #51: SLURM_TASK_PID=48768
 #52: SLURM_STEP_NUM_TASKS=1
 #53: TMPDIR=/tmp
 #54: SLURM_JOB_QOS=normal
 #55: LMOD_COLORIZE=yes
 #56: SLURM_WORKING_CLUSTER=slurm:10.123.128.4:6817:8704:101
 #57: SLURM_SUBMIT_DIR=/nfs/users/wayedt
 #58: QTLIB=/usr/lib64/qt-3.3/lib
 #59: SLURM_LAUNCH_NODE_IPADDR=10.123.128.11
 #60: SLURM_JOB_CPUS_PER_NODE=16
 #61: MODULEPATH=/nfs/apps/7/arch/generic/modules/all
 #62: LMOD_DIR=/usr/share/lmod/lmod/libexec
 #63: EDITOR=vim
 #64: SLURM_TASKS_PER_NODE=1
 #65: SLURM_PTY_PORT=44035
 #66: SLURM_STEP_NUM_NODES=1
 #67: LD_LIBRARY_PATH=/volatile/zephyr/wayedt/linuxbrew_updated/opt/gcc@8/lib64/:/volatile/zephyr/wayedt/linuxbrew_updated/opt/gcc@8/lib/:/lib64
 #68: LMOD_PKG=/usr/share/lmod/lmod
 #69: SSH_CONNECTION=129.237.125.104 44136 129.237.125.121 22
 #70: SLURM_NPROCS=1
 #71: INFOPATH=/share/info:
 #72: SLURM_JOB_NUM_NODES=1
 #73: PWD=/scratch/wayedt/spec2017_root
 #74: SLURM_STEP_TASKS_PER_NODE=1
 #75: SHELL=/bin/bash
 #76: SLURM_PROCID=0
 #77: SLURM_SRUN_COMM_HOST=10.123.128.11
 #78: SLURM_JOBID=434742
 #79: SLURM_JOB_USER=wayedt
 #80: PERL5LIB=/users/wayedt/perl5/lib/perl5
 #81: SLURM_GTIDS=0
 #82: SELINUX_LEVEL_REQUESTED=
 #83: MAIL=/var/mail/wayedt
 #84: SLURM_NODEID=0
 #85: SLURM_STEP_LAUNCHER_PORT=34013
 #86: SLURM_LOCALID=0
 #87: USER=wayedt
 #88: BASH_FUNC_ml()=() {  eval $($LMOD_DIR/ml_cmd "$@")
}
 #89: PATH=/scratch/wayedt/spec2017_root/bin:/users/wayedt/.cargo/bin:/nfs/users/wayedt/.linuxbrew/bin:/users/wayedt/perl5/bin:/usr/lib64/qt-3.3/bin:/usr/local/bin:/usr/bin
 #90: SLURM_TOPOLOGY_ADDR=n235
 #91: SELINUX_ROLE_REQUESTED=
 #92: SLURM_NODELIST=n235
 #93: HOME=/users/wayedt
 #94: SLURM_STEP_ID=0
 #95: LMOD_FULL_SETTARG_SUPPORT=no
 #96: SLURM_STEP_NODELIST=n235
 #97: LIBC_FATAL_STDERR_=1
 #98: LMOD_SETTARG_CMD=:
 #99: BASH_ENV=/usr/share/lmod/lmod/init/bash
 #100: LANG=en_US.UTF-8
 #101: OMP_NUM_THREADS=4
running commands in compare.cmd 1 times
runs started at		1624503417, 499128000, Wed Jun 23 21:56:57 2021
run 1 started at	1624503417, 499185000, Wed Jun 23 21:56:57 2021
child started: 0,	1624503417, 499203000, pid=17078, '/scratch/wayedt/spec2017_root/bin/specperl /scratch/wayedt/spec2017_root/bin/harness/specdiff -m -l 10 /scratch/wayedt/spec2017_root/benchspec/CPU/523.xalancbmk_r/data/refrate/output/ref-t5.out ref-t5.out > ref-t5.out.cmp'
child finished: 0,	1624503418, 468178000, sec=0, nsec=968975000, pid=17078, rc=0
run 1 finished at:	1624503418, 468204000, Wed Jun 23 21:56:58 2021
run 1 elapsed time:	         0, 969019000, 0.969019000
runs finished at	1624503418, 468243000, Wed Jun 23 21:56:58 2021
runs elapsed time:	         0, 969115000, 0.969115000
specinvoke exit: rc=0
