specinvoke r4356
 Invoked as: /scratch/wayedt/spec2017_root/bin/specinvoke -d /scratch/wayedt/spec2017_root/benchspec/CPU/623.xalancbmk_s/run/run_peak_refspeed_collect-build-flags-m64.0000 -f speccmds.cmd -q -e speccmds.err -o speccmds.stdout
timer ticks over every 1000 ns
 Environment in effect for these runs:
 # 1: LMOD_FULL_SETTARG_SUPPORT=no
 # 2: BASH_ENV=/usr/share/lmod/lmod/init/bash
 # 3: LMOD_SETTARG_CMD=:
 # 4: LANG=en_US.UTF-8
 # 5: LIBC_FATAL_STDERR_=1
 # 6: SLURM_STEP_NODELIST=n235
 # 7: SLURM_STEP_ID=0
 # 8: HOME=/users/wayedt
 # 9: SELINUX_ROLE_REQUESTED=
 #10: SLURM_NODELIST=n235
 #11: SELINUX_LEVEL_REQUESTED=
 #12: SLURM_NODEID=0
 #13: MAIL=/var/mail/wayedt
 #14: SLURM_GTIDS=0
 #15: SLURM_TOPOLOGY_ADDR=n235
 #16: PATH=/scratch/wayedt/spec2017_root/bin:/users/wayedt/.cargo/bin:/nfs/users/wayedt/.linuxbrew/bin:/users/wayedt/perl5/bin:/usr/lib64/qt-3.3/bin:/usr/local/bin:/usr/bin
 #17: USER=wayedt
 #18: BASH_FUNC_ml()=() {  eval $($LMOD_DIR/ml_cmd "$@")
}
 #19: SLURM_LOCALID=0
 #20: SLURM_STEP_LAUNCHER_PORT=34013
 #21: SLURM_SRUN_COMM_HOST=10.123.128.11
 #22: PERL5LIB=/users/wayedt/perl5/lib/perl5
 #23: SLURM_JOBID=434742
 #24: SLURM_JOB_USER=wayedt
 #25: SHELL=/bin/bash
 #26: PWD=/scratch/wayedt/spec2017_root
 #27: SLURM_STEP_TASKS_PER_NODE=1
 #28: SLURM_PROCID=0
 #29: SLURM_JOB_NUM_NODES=1
 #30: SLURM_NPROCS=1
 #31: SSH_CONNECTION=129.237.125.104 44136 129.237.125.121 22
 #32: INFOPATH=/share/info:
 #33: LMOD_DIR=/usr/share/lmod/lmod/libexec
 #34: EDITOR=vim
 #35: MODULEPATH=/nfs/apps/7/arch/generic/modules/all
 #36: SLURM_JOB_CPUS_PER_NODE=16
 #37: LMOD_PKG=/usr/share/lmod/lmod
 #38: LD_LIBRARY_PATH=/volatile/zephyr/wayedt/linuxbrew_updated/opt/gcc@8/lib64/:/volatile/zephyr/wayedt/linuxbrew_updated/opt/gcc@8/lib/:/lib64
 #39: SLURM_PTY_PORT=44035
 #40: SLURM_STEP_NUM_NODES=1
 #41: SLURM_TASKS_PER_NODE=1
 #42: SLURM_SUBMIT_DIR=/nfs/users/wayedt
 #43: SLURM_LAUNCH_NODE_IPADDR=10.123.128.11
 #44: QTLIB=/usr/lib64/qt-3.3/lib
 #45: TMPDIR=/tmp
 #46: SSH_ASKPASS=/usr/libexec/openssh/lxqt-openssh-askpass
 #47: SSH_TTY=/dev/pts/7
 #48: SLURM_STEP_NUM_TASKS=1
 #49: SLURM_TASK_PID=48768
 #50: SRUN_DEBUG=3
 #51: SLURM_WORKING_CLUSTER=slurm:10.123.128.4:6817:8704:101
 #52: LMOD_COLORIZE=yes
 #53: SLURM_JOB_QOS=normal
 #54: QTDIR=/usr/lib64/qt-3.3
 #55: SLURM_SUBMIT_HOST=login1.ittc.ku.edu
 #56: SLURM_NTASKS=1
 #57: PERL_LOCAL_LIB_ROOT=/users/wayedt/perl5
 #58: SLURM_JOB_ID=434742
 #59: SLURMD_NODENAME=n235
 #60: SLURM_JOB_GID=100358403
 #61: XDG_RUNTIME_DIR=/run/user/100358403
 #62: LMOD_arch=x86_64
 #63: HOMEBREW_TEMP=/var/tmp
 #64: SLURM_NNODES=1
 #65: SLURM_SRUN_COMM_PORT=34013
 #66: QT_GRAPHICSSYSTEM_CHECKED=1
 #67: SLURM_PRIO_PROCESS=0
 #68: MODULEPATH_ROOT=/nfs/apps/7/arch/generic/modules/all
 #69: SLURM_TOPOLOGY_ADDR_PATTERN=node
 #70: SPECDB_PWD=/scratch/wayedt/spec2017_root
 #71: MANPATH=/share/man:/usr/share/lmod/lmod/share/man::
 #72: QTINC=/usr/lib64/qt-3.3/include
 #73: BASH_FUNC_module()=() {  eval $($LMOD_CMD bash "$@");
 [ $? = 0 ] && eval $(${LMOD_SETTARG_CMD:-:} -s sh)
}
 #74: LMOD_sys=Linux
 #75: LMOD_VERSION=6.3.4
 #76: TERM=screen-256color
 #77: SLURM_CLUSTER_NAME=slurm
 #78: PERL_MM_OPT=INSTALL_BASE=/users/wayedt/perl5
 #79: SLURM_JOB_NODELIST=n235
 #80: SPEC=/scratch/wayedt/spec2017_root
 #81: SELINUX_USE_CURRENT_RANGE=
 #82: SLURM_JOB_UID=100358403
 #83: LMOD_PREPEND_BLOCK=normal
 #84: SLURM_JOB_NAME=zsh
 #85: LESSOPEN=||/usr/bin/lesspipe.sh %s
 #86: SLURM_JOB_ACCOUNT=ittc
 #87: SLURM_STEPID=0
 #88: LMOD_CMD=/usr/share/lmod/lmod/libexec/lmod
 #89: SSH_CLIENT=129.237.125.104 44136 22
 #90: SLURM_PTY_WIN_ROW=49
 #91: LOGNAME=wayedt
 #92: PKG_CONFIG_PATH=/lib/pkgconfig:
 #93: PERL_MB_OPT=--install_base "/users/wayedt/perl5"
 #94: SHLVL=2
 #95: SLURM_PTY_WIN_COL=120
 #96: SLURM_UMASK=0022
 #97: SLURM_CPUS_ON_NODE=16
 #98: SLURM_JOB_PARTITION=intel
 #99: MODULESHOME=/usr/share/lmod/lmod
 #100: XDG_SESSION_ID=12201
 #101: OMP_NUM_THREADS=4
running commands in speccmds.cmd 1 times
runs started at		1624502973, 726441000, Wed Jun 23 21:49:33 2021
run 1 started at	1624502973, 726502000, Wed Jun 23 21:49:33 2021
child started: 0,	1624502973, 726520000, pid=16975, '../run_peak_refspeed_collect-build-flags-m64.0000/xalancbmk_s_peak.collect-build-flags-m64 -v t5.xml xalanc.xsl > ref-t5.out 2>> ref-t5.err'
child finished: 0,	1624503417, 163735000, sec=443, nsec=437215000, pid=16975, rc=0
run 1 finished at:	1624503417, 163778000, Wed Jun 23 21:56:57 2021
run 1 elapsed time:	       443, 437276000, 443.437276000
runs finished at	1624503417, 163824000, Wed Jun 23 21:56:57 2021
runs elapsed time:	       443, 437383000, 443.437383000
specinvoke exit: rc=0
